Processing esp32-s3-devkitc-1 (platform: espressif32; board: esp32-s3-devkitc-1; framework: espidf)
--------------------------------------------------------------------------------
--- Terminal on /dev/cu.usbmodem5C371999181 | 115200 8-N-1
--- Available filters and text transformations: debug, default, direct, esp32_exception_decoder, hexlify, log2file, nocontrol, printable, send_on_enter, time
--- More details at https://bit.ly/pio-monitor-filters
--- Quit: Ctrl+C | Menu: Ctrl+T | Help: Ctrl+T followed by Ctrl+H
I (22490) M1L6: Read value RAW: 2095, calculated: 1688, calibrated: 1795. Error = 6% at 22261ms
I (22590) M1L6: Read value RAW: 2099, calculated: 1691, calibrated: 1798. Error = 6% at 22361ms
I (22690) M1L6: Read value RAW: 2095, calculated: 1688, calibrated: 1795. Error = 6% at 22461ms
I (22790) M1L6: Read value RAW: 2095, calculated: 1688, calibrated: 1795. Error = 6% at 22561ms
I (22890) M1L6: Read value RAW: 2099, calculated: 1691, calibrated: 1798. Error = 6% at 22661ms
I (22990) M1L6: Read value RAW: 2099, calculated: 1691, calibrated: 1798. Error = 6% at 22761ms
I (23090) M1L6: Read value RAW: 2093, calculated: 1686, calibrated: 1794. Error = 7% at 22861ms
I (23190) M1L6: Read value RAW: 2035, calculated: 1639, calibrated: 1745. Error = 7% at 22961ms
I (23290) M1L6: Read value RAW: 1257, calculated: 1012, calibrated: 1086. Error = 7% at 23061ms
I (23390) M1L6: Read value RAW: 749, calculated: 603, calibrated: 658. Error = 9% at 23161ms
I (23490) M1L6: Read value RAW: 773, calculated: 622, calibrated: 678. Error = 9% at 23261ms
I (23590) M1L6: Read value RAW: 787, calculated: 634, calibrated: 689. Error = 8% at 23361ms
I (23690) M1L6: Read value RAW: 797, calculated: 642, calibrated: 698. Error = 9% at 23461ms
I (23790) M1L6: Read value RAW: 804, calculated: 647, calibrated: 705. Error = 9% at 23561ms
I (23890) M1L6: Read value RAW: 819, calculated: 660, calibrated: 717. Error = 8% at 23661ms
I (23990) M1L6: Read value RAW: 825, calculated: 664, calibrated: 722. Error = 9% at 23761ms
I (24090) M1L6: Read value RAW: 823, calculated: 663, calibrated: 721. Error = 9% at 23861ms
I (24190) M1L6: Read value RAW: 815, calculated: 656, calibrated: 713. Error = 8% at 23961ms
I (24290) M1L6: Read value RAW: 2056, calculated: 1656, calibrated: 1762. Error = 7% at 24061ms
I (24390) M1L6: Read value RAW: 2087, calculated: 1681, calibrated: 1788. Error = 6% at 24161ms
I (24490) M1L6: Read value RAW: 2089, calculated: 1683, calibrated: 1790. Error = 6% at 24261ms
I (24590) M1L6: Read value RAW: 2089, calculated: 1683, calibrated: 1790. Error = 6% at 24361ms
I (24690) M1L6: Read value RAW: 2099, calculated: 1691, calibrated: 1798. Error = 6% at 24461ms
I (24790) M1L6: Read value RAW: 2097, calculated: 1689, calibrated: 1796. Error = 6% at 24561ms
I (24890) M1L6: Read value RAW: 2099, calculated: 1691, calibrated: 1798. Error = 6% at 24661ms
I (24990) M1L6: Read value RAW: 2095, calculated: 1688, calibrated: 1795. Error = 6% at 24761ms
I (25090) M1L6: Read value RAW: 2096, calculated: 1689, calibrated: 1796. Error = 6% at 24861ms
I (25190) M1L6: Read value RAW: 2095, calculated: 1688, calibrated: 1795. Error = 6% at 24961ms
I (25290) M1L6: Read value RAW: 2100, calculated: 1692, calibrated: 1800. Error = 6% at 25061ms
I (25390) M1L6: Read value RAW: 2095, calculated: 1688, calibrated: 1795. Error = 6% at 25161ms
I (25490) M1L6: Read value RAW: 2099, calculated: 1691, calibrated: 1798. Error = 6% at 25261ms
I (25590) M1L6: Read value RAW: 2099, calculated: 1691, calibrated: 1798. Error = 6% at 25361ms
I (25690) M1L6: Read value RAW: 2096, calculated: 1689, calibrated: 1796. Error = 6% at 25461ms
I (25790) M1L6: Read value RAW: 2101, calculated: 1693, calibrated: 1800. Error = 6% at 25561ms
I (25890) M1L6: Read value RAW: 2103, calculated: 1694, calibrated: 1803. Error = 7% at 25661ms
I (25990) M1L6: Read value RAW: 2109, calculated: 1699, calibrated: 1807. Error = 6% at 25761ms
I (26090) M1L6: Read value RAW: 2136, calculated: 1721, calibrated: 1830. Error = 6% at 25861ms
I (26190) M1L6: Read value RAW: 2397, calculated: 1931, calibrated: 2048. Error = 6% at 25961ms
I (26290) M1L6: Read value RAW: 2644, calculated: 2130, calibrated: 2253. Error = 6% at 26061ms
I (26390) M1L6: Read value RAW: 3556, calculated: 2865, calibrated: 2917. Error = 2% at 26161ms
I (26490) M1L6: Read value RAW: 3576, calculated: 2881, calibrated: 2929. Error = 2% at 26261ms
I (26590) M1L6: Read value RAW: 3437, calculated: 2769, calibrated: 2843. Error = 3% at 26361ms
I (26690) M1L6: Read value RAW: 3525, calculated: 2840, calibrated: 2898. Error = 3% at 26461ms
I (26790) M1L6: Read value RAW: 3572, calculated: 2878, calibrated: 2927. Error = 2% at 26561ms
I (26890) M1L6: Read value RAW: 3743, calculated: 3016, calibrated: 3022. Error = 1% at 26661ms
I (26990) M1L6: Read value RAW: 3750, calculated: 3021, calibrated: 3025. Error = 1% at 26761ms
I (27090) M1L6: Read value RAW: 3647, calculated: 2938, calibrated: 2970. Error = 2% at 26861ms
I (27190) M1L6: Read value RAW: 3938, calculated: 3173, calibrated: 3114. Error = -1% at 26961ms
I (27290) M1L6: Read value RAW: 3864, calculated: 3113, calibrated: 3081. Error = -1% at 27061ms
I (27390) M1L6: Read value RAW: 3849, calculated: 3101, calibrated: 3074. Error = 0% at 27161ms
I (27490) M1L6: Read value RAW: 3923, calculated: 3161, calibrated: 3107. Error = -1% at 27261ms
I (27590) M1L6: Read value RAW: 3915, calculated: 3154, calibrated: 3104. Error = -1% at 27361ms
I (27690) M1L6: Read value RAW: 3882, calculated: 3128, calibrated: 3089. Error = -1% at 27461ms
I (27790) M1L6: Read value RAW: 4095, calculated: 3300, calibrated: 3173. Error = -4% at 27561ms
I (27890) M1L6: Read value RAW: 4095, calculated: 3300, calibrated: 3173. Error = -4% at 27661ms
I (27990) M1L6: Read value RAW: 4095, calculated: 3300, calibrated: 3173. Error = -4% at 27761ms
I (28090) M1L6: Read value RAW: 4095, calculated: 3300, calibrated: 3173. Error = -4% at 27861ms
I (28190) M1L6: Read value RAW: 4095, calculated: 3300, calibrated: 3173. Error = -4% at 27961ms
I (28290) M1L6: Read value RAW: 4095, calculated: 3300, calibrated: 3173. Error = -4% at 28061ms
I (28390) M1L6: Read value RAW: 4095, calculated: 3300, calibrated: 3173. Error = -4% at 28161ms
I (28490) M1L6: Read value RAW: 4095, calculated: 3300, calibrated: 3173. Error = -4% at 28261ms
I (28590) M1L6: Read value RAW: 4095, calculated: 3300, calibrated: 3173. Error = -4% at 28361ms
I (28690) M1L6: Read value RAW: 4095, calculated: 3300, calibrated: 3173. Error = -4% at 28461ms
I (28790) M1L6: Read value RAW: 4095, calculated: 3300, calibrated: 3173. Error = -4% at 28561ms
I (28890) M1L6: Read value RAW: 4095, calculated: 3300, calibrated: 3173. Error = -4% at 28661ms
I (28990) M1L6: Read value RAW: 4095, calculated: 3300, calibrated: 3173. Error = -4% at 28761ms
I (29090) M1L6: Read value RAW: 4095, calculated: 3300, calibrated: 3173. Error = -4% at 28861ms
I (29190) M1L6: Read value RAW: 4095, calculated: 3300, calibrated: 3173. Error = -4% at 28961ms
I (29290) M1L6: Read value RAW: 4095, calculated: 3300, calibrated: 3173. Error = -4% at 29061ms
I (29390) M1L6: Read value RAW: 4095, calculated: 3300, calibrated: 3173. Error = -4% at 29161ms
I (29490) M1L6: Read value RAW: 4095, calculated: 3300, calibrated: 3173. Error = -4% at 29261ms
I (29590) M1L6: Read value RAW: 4095, calculated: 3300, calibrated: 3173. Error = -4% at 29361ms
I (29690) M1L6: Read value RAW: 4095, calculated: 3300, calibrated: 3173. Error = -4% at 29461ms
I (29790) M1L6: Read value RAW: 4095, calculated: 3300, calibrated: 3173. Error = -4% at 29561ms
I (29890) M1L6: Read value RAW: 4095, calculated: 3300, calibrated: 3173. Error = -4% at 29661ms
I (29990) M1L6: Read value RAW: 4095, calculated: 3300, calibrated: 3173. Error = -4% at 29761ms
I (30090) M1L6: Read value RAW: 4095, calculated: 3300, calibrated: 3173. Error = -4% at 29861ms
I (30190) M1L6: Read value RAW: 4095, calculated: 3300, calibrated: 3173. Error = -4% at 29961ms
I (30290) M1L6: Read value RAW: 4095, calculated: 3300, calibrated: 3173. Error = -4% at 30061ms
I (30390) M1L6: Read value RAW: 4095, calculated: 3300, calibrated: 3173. Error = -4% at 30161ms
I (30490) M1L6: Read value RAW: 4095, calculated: 3300, calibrated: 3173. Error = -4% at 30261ms
I (30590) M1L6: Read value RAW: 4046, calculated: 3260, calibrated: 3156. Error = -3% at 30361ms
I (30690) M1L6: Read value RAW: 3872, calculated: 3120, calibrated: 3084. Error = -1% at 30461ms
I (30790) M1L6: Read value RAW: 2553, calculated: 2057, calibrated: 2178. Error = 6% at 30561ms
I (30890) M1L6: Read value RAW: 2425, calculated: 1954, calibrated: 2073. Error = 6% at 30661ms
I (30990) M1L6: Read value RAW: 2155, calculated: 1736, calibrated: 1846. Error = 6% at 30761ms
I (31090) M1L6: Read value RAW: 2127, calculated: 1714, calibrated: 1821. Error = 6% at 30861ms
I (31190) M1L6: Read value RAW: 2044, calculated: 1647, calibrated: 1752. Error = 6% at 30961ms
I (31290) M1L6: Read value RAW: 1703, calculated: 1372, calibrated: 1462. Error = 7% at 31061ms
I (31390) M1L6: Read value RAW: 1426, calculated: 1149, calibrated: 1228. Error = 7% at 31161ms
I (31490) M1L6: Read value RAW: 1353, calculated: 1090, calibrated: 1166. Error = 7% at 31261ms
I (31590) M1L6: Read value RAW: 1357, calculated: 1093, calibrated: 1170. Error = 7% at 31361ms
I (31690) M1L6: Read value RAW: 1389, calculated: 1119, calibrated: 1198. Error = 7% at 31461ms
I (31790) M1L6: Read value RAW: 1615, calculated: 1301, calibrated: 1387. Error = 7% at 31561ms
I (31890) M1L6: Read value RAW: 2025, calculated: 1631, calibrated: 1735. Error = 6% at 31661ms
I (31990) M1L6: Read value RAW: 2151, calculated: 1733, calibrated: 1843. Error = 6% at 31761ms
I (32090) M1L6: Read value RAW: 2479, calculated: 1997, calibrated: 2118. Error = 6% at 31861ms
I (32190) M1L6: Read value RAW: 3159, calculated: 2545, calibrated: 2652. Error = 5% at 31961ms
I (32290) M1L6: Read value RAW: 3965, calculated: 3195, calibrated: 3126. Error = -2% at 32061ms
I (32390) M1L6: Read value RAW: 4095, calculated: 3300, calibrated: 3173. Error = -4% at 32161ms
I (32490) M1L6: Read value RAW: 4095, calculated: 3300, calibrated: 3173. Error = -4% at 32261ms
I (32590) M1L6: Read value RAW: 4095, calculated: 3300, calibrated: 3173. Error = -4% at 32361ms
I (32690) M1L6: Read value RAW: 4095, calculated: 3300, calibrated: 3173. Error = -4% at 32461ms
I (32790) M1L6: Read value RAW: 4095, calculated: 3300, calibrated: 3173. Error = -4% at 32561ms
I (32890) M1L6: Read value RAW: 4095, calculated: 3300, calibrated: 3173. Error = -4% at 32661ms
I (32990) M1L6: Read value RAW: 3960, calculated: 3191, calibrated: 3123. Error = -2% at 32761ms
I (33090) M1L6: Read value RAW: 2441, calculated: 1967, calibrated: 2086. Error = 6% at 32861ms
I (33190) M1L6: Read value RAW: 1877, calculated: 1512, calibrated: 1610. Error = 7% at 32961ms
I (33290) M1L6: Read value RAW: 1224, calculated: 986, calibrated: 1058. Error = 7% at 33061ms
I (33390) M1L6: Read value RAW: 967, calculated: 779, calibrated: 842. Error = 8% at 33161ms
I (33490) M1L6: Read value RAW: 921, calculated: 742, calibrated: 803. Error = 8% at 33261ms
I (33590) M1L6: Read value RAW: 894, calculated: 720, calibrated: 780. Error = 8% at 33361ms
I (33690) M1L6: Read value RAW: 863, calculated: 695, calibrated: 754. Error = 8% at 33461ms
I (33790) M1L6: Read value RAW: 867, calculated: 698, calibrated: 757. Error = 8% at 33561ms
I (33890) M1L6: Read value RAW: 927, calculated: 747, calibrated: 809. Error = 8% at 33661ms
I (33990) M1L6: Read value RAW: 1451, calculated: 1169, calibrated: 1249. Error = 7% at 33761ms
I (34090) M1L6: Read value RAW: 2334, calculated: 1880, calibrated: 1996. Error = 6% at 33861ms
I (34190) M1L6: Read value RAW: 3967, calculated: 3196, calibrated: 3126. Error = -2% at 33961ms
I (34290) M1L6: Read value RAW: 4095, calculated: 3300, calibrated: 3173. Error = -4% at 34061ms
I (34390) M1L6: Read value RAW: 4095, calculated: 3300, calibrated: 3173. Error = -4% at 34161ms
I (34490) M1L6: Read value RAW: 4095, calculated: 3300, calibrated: 3173. Error = -4% at 34261ms
I (34590) M1L6: Read value RAW: 4095, calculated: 3300, calibrated: 3173. Error = -4% at 34361ms
I (34690) M1L6: Read value RAW: 4066, calculated: 3276, calibrated: 3163. Error = -3% at 34461ms
I (34790) M1L6: Read value RAW: 3914, calculated: 3154, calibrated: 3104. Error = -1% at 34561ms
I (34890) M1L6: Read value RAW: 2578, calculated: 2077, calibrated: 2200. Error = 6% at 34661ms
I (34990) M1L6: Read value RAW: 2196, calculated: 1769, calibrated: 1881. Error = 6% at 34761ms
I (35090) M1L6: Read value RAW: 2067, calculated: 1665, calibrated: 1772. Error = 7% at 34861ms
I (35190) M1L6: Read value RAW: 2073, calculated: 1670, calibrated: 1775. Error = 6% at 34961ms
I (35290) M1L6: Read value RAW: 2100, calculated: 1692, calibrated: 1800. Error = 6% at 35061ms
I (35390) M1L6: Read value RAW: 2099, calculated: 1691, calibrated: 1798. Error = 6% at 35161ms
I (35490) M1L6: Read value RAW: 2095, calculated: 1688, calibrated: 1795. Error = 6% at 35261ms
I (35590) M1L6: Read value RAW: 2099, calculated: 1691, calibrated: 1798. Error = 6% at 35361ms
I (35690) M1L6: Read value RAW: 2100, calculated: 1692, calibrated: 1800. Error = 6% at 35461ms
I (35790) M1L6: Read value RAW: 2089, calculated: 1683, calibrated: 1790. Error = 6% at 35561ms
I (35890) M1L6: Read value RAW: 2088, calculated: 1682, calibrated: 1790. Error = 7% at 35661ms
I (35990) M1L6: Read value RAW: 2091, calculated: 1685, calibrated: 1791. Error = 6% at 35761ms
I (36090) M1L6: Read value RAW: 2091, calculated: 1685, calibrated: 1791. Error = 6% at 35861ms
I (36190) M1L6: Read value RAW: 2089, calculated: 1683, calibrated: 1790. Error = 6% at 35961ms
I (36290) M1L6: Read value RAW: 2089, calculated: 1683, calibrated: 1790. Error = 6% at 36061ms
I (36390) M1L6: Read value RAW: 2087, calculated: 1681, calibrated: 1788. Error = 6% at 36161ms
I (36490) M1L6: Read value RAW: 2088, calculated: 1682, calibrated: 1790. Error = 7% at 36261ms
I (36590) M1L6: Read value RAW: 2089, calculated: 1683, calibrated: 1790. Error = 6% at 36361ms
I (36690) M1L6: Read value RAW: 2089, calculated: 1683, calibrated: 1790. Error = 6% at 36461ms
I (36790) M1L6: Read value RAW: 2089, calculated: 1683, calibrated: 1790. Error = 6% at 36561ms
I (36890) M1L6: Read value RAW: 2088, calculated: 1682, calibrated: 1790. Error = 7% at 36661ms
I (36990) M1L6: Read value RAW: 2089, calculated: 1683, calibrated: 1790. Error = 6% at 36761ms
I (37090) M1L6: Read value RAW: 2091, calculated: 1685, calibrated: 1791. Error = 6% at 36861ms
I (37190) M1L6: Read value RAW: 2089, calculated: 1683, calibrated: 1790. Error = 6% at 36961ms
I (37290) M1L6: Read value RAW: 2088, calculated: 1682, calibrated: 1790. Error = 7% at 37061ms
I (37390) M1L6: Read value RAW: 2089, calculated: 1683, calibrated: 1790. Error = 6% at 37161ms
I (37490) M1L6: Read value RAW: 2089, calculated: 1683, calibrated: 1790. Error = 6% at 37261ms
I (37590) M1L6: Read value RAW: 2091, calculated: 1685, calibrated: 1791. Error = 6% at 37361ms
I (37690) M1L6: Read value RAW: 2091, calculated: 1685, calibrated: 1791. Error = 6% at 37461ms
I (37790) M1L6: Read value RAW: 2089, calculated: 1683, calibrated: 1790. Error = 6% at 37561ms
I (37890) M1L6: Read value RAW: 2089, calculated: 1683, calibrated: 1790. Error = 6% at 37661ms
I (37990) M1L6: Read value RAW: 2089, calculated: 1683, calibrated: 1790. Error = 6% at 37761ms
I (38090) M1L6: Read value RAW: 2088, calculated: 1682, calibrated: 1790. Error = 7% at 37861ms
I (38190) M1L6: Read value RAW: 2089, calculated: 1683, calibrated: 1790. Error = 6% at 37961ms
I (38290) M1L6: Read value RAW: 2089, calculated: 1683, calibrated: 1790. Error = 6% at 38061ms
I (38390) M1L6: Read value RAW: 2088, calculated: 1682, calibrated: 1790. Error = 7% at 38161ms
I (38490) M1L6: Read value RAW: 2089, calculated: 1683, calibrated: 1790. Error = 6% at 38261ms
I (38590) M1L6: Read value RAW: 2089, calculated: 1683, calibrated: 1790. Error = 6% at 38361ms
I (38690) M1L6: Read value RAW: 2089, calculated: 1683, calibrated: 1790. Error = 6% at 38461ms
I (38790) M1L6: Read value RAW: 2091, calculated: 1685, calibrated: 1791. Error = 6% at 38561ms
I (38890) M1L6: Read value RAW: 2090, calculated: 1684, calibrated: 1791. Error = 6% at 38661ms
I (38990) M1L6: Read value RAW: 2089, calculated: 1683, calibrated: 1790. Error = 6% at 38761ms
I (39090) M1L6: Read value RAW: 2089, calculated: 1683, calibrated: 1790. Error = 6% at 38861ms
I (39190) M1L6: Read value RAW: 2090, calculated: 1684, calibrated: 1791. Error = 6% at 38961ms
I (39290) M1L6: Read value RAW: 2088, calculated: 1682, calibrated: 1790. Error = 7% at 39061ms
I (39390) M1L6: Read value RAW: 2089, calculated: 1683, calibrated: 1790. Error = 6% at 39161ms
I (39490) M1L6: Read value RAW: 2089, calculated: 1683, calibrated: 1790. Error = 6% at 39261ms
I (39590) M1L6: Read value RAW: 2090, calculated: 1684, calibrated: 1791. Error = 6% at 39361ms
I (39690) M1L6: Read value RAW: 2089, calculated: 1683, calibrated: 1790. Error = 6% at 39461ms
I (39790) M1L6: Read value RAW: 2089, calculated: 1683, calibrated: 1790. Error = 6% at 39561ms
I (39890) M1L6: Read value RAW: 2092, calculated: 1685, calibrated: 1792. Error = 6% at 39661ms
I (39990) M1L6: Read value RAW: 2091, calculated: 1685, calibrated: 1791. Error = 6% at 39761ms
I (40090) M1L6: Read value RAW: 2089, calculated: 1683, calibrated: 1790. Error = 6% at 39861ms
I (40190) M1L6: Read value RAW: 2092, calculated: 1685, calibrated: 1792. Error = 6% at 39961ms
I (40290) M1L6: Read value RAW: 2091, calculated: 1685, calibrated: 1791. Error = 6% at 40061ms
I (40390) M1L6: Read value RAW: 2089, calculated: 1683, calibrated: 1790. Error = 6% at 40161ms
I (40490) M1L6: Read value RAW: 2092, calculated: 1685, calibrated: 1792. Error = 6% at 40261ms
I (40590) M1L6: Read value RAW: 2089, calculated: 1683, calibrated: 1790. Error = 6% at 40361ms
I (40690) M1L6: Read value RAW: 2092, calculated: 1685, calibrated: 1792. Error = 6% at 40461ms
I (40790) M1L6: Read value RAW: 2091, calculated: 1685, calibrated: 1791. Error = 6% at 40561ms
I (40890) M1L6: Read value RAW: 2091, calculated: 1685, calibrated: 1791. Error = 6% at 40661ms
I (40990) M1L6: Read value RAW: 2090, calculated: 1684, calibrated: 1791. Error = 6% at 40761ms
I (41090) M1L6: Read value RAW: 2093, calculated: 1686, calibrated: 1794. Error = 7% at 40861ms
I (41190) M1L6: Read value RAW: 2090, calculated: 1684, calibrated: 1791. Error = 6% at 40961ms
I (41290) M1L6: Read value RAW: 2091, calculated: 1685, calibrated: 1791. Error = 6% at 41061ms
I (41390) M1L6: Read value RAW: 2091, calculated: 1685, calibrated: 1791. Error = 6% at 41161ms
